Arguments: 
  C:\Program Files\nodejs\node.exe C:\Program Files (x86)\Yarn\bin\yarn.js run watch

PATH: 
  C:\tools\ruby25\bin;C:\Python27\;C:\Python27\Scripts;C:\ProgramData\Oracle\Java\javapath;C:\Program Files\ImageMagick-7.0.7-Q16;C:\Python36\Scripts\;C:\Python36\;C:\Program Files (x86)\Razer Chroma SDK\bin;C:\Program Files\Razer Chroma SDK\bin;C:\WINDOWS\system32;C:\WINDOWS;C:\WINDOWS\System32\Wbem;C:\WINDOWS\System32\WindowsPowerShell\v1.0\;C:\WINDOWS\system32\config\systemprofile\AppData\Local\Microsoft\WindowsApps;C:\HashiCorp\Vagrant\bin;C:\Program Files (x86)\NVIDIA Corporation\PhysX\Common;C:\ProgramData\chocolatey\bin;C:\Program Files\Java\jdk1.8.0_144\bin;C:\Program Files\OpenSSH-Win64;C:\Android\android-sdk\tools;C:\Android\android-sdk\platform-tools;C:\tools\php71;C:\ProgramData\ComposerSetup\bin;C:\tools\php56;C:\WINDOWS\system32;C:\WINDOWS;C:\WINDOWS\System32\Wbem;C:\WINDOWS\System32\WindowsPowerShell\v1.0\;C:\Program Files (x86)\Lua\5.1;C:\Program Files (x86)\Lua\5.1\clibs;C:\Program Files (x86)\LuaRocks;C:\Program Files\Redis\;C:\Program Files\MySQL\MySQL Utilities 1.6\;C:\Strawberry\c\bin;C:\Strawberry\perl\site\bin;C:\Strawberry\perl\bin;C:\Program Files (x86)\GTK2-Runtime\bin;C:\tools\ipfs;C:\Program Files (x86)\Yarn\bin\;C:\Program Files\dotnet\;C:\Program Files\Java\jdk1.8.0_172\bin;C:\Program Files\Git\cmd;C:\Users\Raideer\AppData\Roaming\nvm;C:\Program Files\nodejs;C:\WINDOWS\System32\OpenSSH\;C:\tools\bin;;C:\Program Files\Microsoft VS Code\bin;C:\Users\Raideer\AppData\Local\Microsoft\WindowsApps;C:\Users\Raideer\AppData\Local\atom\bin;C:\Users\Raideer\AppData\Roaming\Composer\vendor\bin;C:\Program Files\Microsoft VS Code\bin;C:\Users\Raideer\AppData\Local\Microsoft\WindowsApps;C:\OSGeo4W\bin;C:\Users\Raideer\AppData\Local\Programs\radare2;C:\Users\Raideer\AppData\Roaming\npm;C:\Users\Raideer\AppData\Local\Yarn\bin;C:\Users\Raideer\AppData\Roaming\nvm;C:\Program Files\nodejs;;C:\Users\Raideer\AppData\Local\Programs\Microsoft VS Code\bin

Yarn version: 
  1.5.1

Node version: 
  8.11.1

Platform: 
  win32 x64

npm manifest: 
  {
    "name": "discord-golden-gnome",
    "version": "1.10.1",
    "description": "",
    "main": "index.js",
    "scripts": {
      "migrate": "sequelize db:migrate",
      "run": "node index.js"
    },
    "author": "raideer",
    "license": "ISC",
    "dependencies": {
      "ascii-table": "0.0.9",
      "bloodhound-js": "^1.2.2",
      "bluebird": "^3.5.1",
      "bufferutil": "^3.0.5",
      "cheerio": "^1.0.0-rc.2",
      "colors": "^1.1.2",
      "cron": "^1.3.0",
      "discord-akairo": "^7.5.4",
      "discord.js": "^11.3.0",
      "dotenv": "^5.0.0",
      "erlpack": "github:discordapp/erlpack",
      "lodash": "^4.17.10",
      "moment": "^2.20.1",
      "mysql2": "^1.5.2",
      "node-wikia": "0.0.3",
      "request": "^2.83.0",
      "request-promise": "^4.2.2",
      "rss-parser": "^3.1.1",
      "sequelize": "^4.33.4",
      "sqlite": "^2.9.1",
      "winston": "^2.4.0"
    },
    "devDependencies": {
      "@types/node": "^9.4.6",
      "sequelize-cli": "^4.0.0"
    }
  }

yarn manifest: 
  No manifest

Lockfile: 
  No lockfile

Trace: 
  Error: Command "watch" not found.
      at new MessageError (C:\Program Files (x86)\Yarn\lib\cli.js:186:110)
      at C:\Program Files (x86)\Yarn\lib\cli.js:87307:17
      at Generator.next (<anonymous>)
      at step (C:\Program Files (x86)\Yarn\lib\cli.js:98:30)
      at C:\Program Files (x86)\Yarn\lib\cli.js:116:14
      at new Promise (<anonymous>)
      at new F (C:\Program Files (x86)\Yarn\lib\cli.js:23451:28)
      at C:\Program Files (x86)\Yarn\lib\cli.js:95:12
      at runCommand (C:\Program Files (x86)\Yarn\lib\cli.js:87312:22)
      at Object.<anonymous> (C:\Program Files (x86)\Yarn\lib\cli.js:87412:14)
